<?xml version="1.0" encoding="UTF-8"?>
<coverage generated="1479739328342" clover="3.2.0">
  <project timestamp="1479739328343" name="All files">
    <metrics statements="12" coveredstatements="12" conditionals="39" coveredconditionals="22" methods="11" coveredmethods="10" elements="62" coveredelements="44" complexity="0" loc="12" ncloc="12" packages="2" files="2" classes="2">
      <package name="__tests__.components">
        <metrics statements="8" coveredstatements="8" conditionals="10" coveredconditionals="6" methods="4" coveredmethods="3"/>
        <file name="MarkdownText.test.tsx" path="C:\cap3\react-ts-sample\src\__tests__\components\MarkdownText.test.tsx">
          <metrics statements="8" coveredstatements="8" conditionals="10" coveredconditionals="6" methods="4" coveredmethods="3"/>
          <line num="3" count="13" type="stmt"/>
          <line num="4" count="1" type="stmt"/>
          <line num="5" count="1" type="stmt"/>
          <line num="6" count="1" type="stmt"/>
          <line num="8" count="1" type="stmt"/>
          <line num="9" count="1" type="stmt"/>
          <line num="10" count="1" type="stmt"/>
          <line num="13" count="1" type="stmt"/>
        </file>
      </package>
      <package name="components">
        <metrics statements="4" coveredstatements="4" conditionals="29" coveredconditionals="16" methods="7" coveredmethods="7"/>
        <file name="MarkdownText.tsx" path="C:\cap3\react-ts-sample\src\components\MarkdownText.tsx">
          <metrics statements="4" coveredstatements="4" conditionals="29" coveredconditionals="16" methods="7" coveredmethods="7"/>
          <line num="1" count="1" type="stmt"/>
          <line num="2" count="1" type="stmt"/>
          <line num="4" count="1" type="stmt"/>
          <line num="18" count="1" type="stmt"/>
        </file>
      </package>
    </metrics>
  </project>
</coverage>
