{"C:\\cap3\\react-ts-sample\\src\\__tests__\\components\\MarkdownText.test.tsx": {"path":"C:\\cap3\\react-ts-sample\\src\\__tests__\\components\\MarkdownText.test.tsx","statementMap":{"0":{"start":{"line":3,"column":246},"end":{"line":3,"column":462}},"1":{"start":{"line":3,"column":274},"end":{"line":3,"column":285}},"2":{"start":{"line":3,"column":306},"end":{"line":3,"column":308}},"3":{"start":{"line":3,"column":309},"end":{"line":3,"column":426}},"4":{"start":{"line":3,"column":327},"end":{"line":3,"column":425}},"5":{"start":{"line":3,"column":349},"end":{"line":3,"column":424}},"6":{"start":{"line":3,"column":401},"end":{"line":3,"column":424}},"7":{"start":{"line":3,"column":426},"end":{"line":3,"column":447}},"8":{"start":{"line":3,"column":447},"end":{"line":3,"column":461}},"9":{"start":{"line":4,"column":0},"end":{"line":11,"column":3}},"10":{"start":{"line":5,"column":20},"end":{"line":5,"column":26}},"11":{"start":{"line":6,"column":19},"end":{"line":7,"column":5}},"12":{"start":{"line":8,"column":46},"end":{"line":8,"column":180}},"13":{"start":{"line":9,"column":15},"end":{"line":9,"column":33}},"14":{"start":{"line":10,"column":4},"end":{"line":10,"column":35}},"15":{"start":{"line":13,"column":39},"end":{"line":13,"column":113}},"16":{"start":{"line":13,"column":52},"end":{"line":13,"column":110}},"17":{"start":{"line":13,"column":102},"end":{"line":13,"column":109}}},"fnMap":{"0":{"name":"_interopRequireWildcard","decl":{"start":{"line":3,"column":216},"end":{"line":3,"column":239}},"loc":{"start":{"line":3,"column":245},"end":{"line":3,"column":463}}},"1":{"name":"(anonymous_1)","decl":{"start":{"line":4,"column":44},"end":{"line":4,"column":45}},"loc":{"start":{"line":4,"column":56},"end":{"line":11,"column":1}}},"2":{"name":"onChange","decl":{"start":{"line":6,"column":28},"end":{"line":6,"column":36}},"loc":{"start":{"line":6,"column":39},"end":{"line":7,"column":5}}},"3":{"name":"(anonymous_3)","decl":{"start":{"line":13,"column":39},"end":{"line":13,"column":40}},"loc":{"start":{"line":13,"column":51},"end":{"line":13,"column":111}}}},"branchMap":{"0":{"loc":{"start":{"line":3,"column":246},"end":{"line":3,"column":462}},"type":"if","locations":[{"start":{"line":3,"column":246},"end":{"line":3,"column":462}},{"start":{"line":3,"column":246},"end":{"line":3,"column":462}}]},"1":{"loc":{"start":{"line":3,"column":250},"end":{"line":3,"column":271}},"type":"binary-expr","locations":[{"start":{"line":3,"column":250},"end":{"line":3,"column":253}},{"start":{"line":3,"column":257},"end":{"line":3,"column":271}}]},"2":{"loc":{"start":{"line":3,"column":309},"end":{"line":3,"column":426}},"type":"if","locations":[{"start":{"line":3,"column":309},"end":{"line":3,"column":426}},{"start":{"line":3,"column":309},"end":{"line":3,"column":426}}]},"3":{"loc":{"start":{"line":3,"column":349},"end":{"line":3,"column":424}},"type":"if","locations":[{"start":{"line":3,"column":349},"end":{"line":3,"column":424}},{"start":{"line":3,"column":349},"end":{"line":3,"column":424}}]},"4":{"loc":{"start":{"line":13,"column":52},"end":{"line":13,"column":110}},"type":"if","locations":[{"start":{"line":13,"column":52},"end":{"line":13,"column":110}},{"start":{"line":13,"column":52},"end":{"line":13,"column":110}}]}},"s":{"0":1,"1":0,"2":1,"3":1,"4":1,"5":13,"6":13,"7":1,"8":1,"9":1,"10":1,"11":1,"12":1,"13":1,"14":1,"15":1,"16":1,"17":1},"f":{"0":1,"1":1,"2":0,"3":1},"b":{"0":[0,1],"1":[1,1],"2":[1,0],"3":[13,0],"4":[1,0]},"_coverageSchema":"332fd63041d2c1bcb487cc26dd0d5f7d97098a6c","hash":"4913da034faf8f26ba45e065cf15407b0df73549"}
,"C:\\cap3\\react-ts-sample\\src\\components\\MarkdownText.tsx": {"path":"C:\\cap3\\react-ts-sample\\src\\components\\MarkdownText.tsx","statementMap":{"0":{"start":{"line":1,"column":39},"end":{"line":1,"column":101}},"1":{"start":{"line":1,"column":101},"end":{"line":1,"column":134}},"2":{"start":{"line":1,"column":153},"end":{"line":1,"column":682}},"3":{"start":{"line":1,"column":208},"end":{"line":1,"column":473}},"4":{"start":{"line":1,"column":265},"end":{"line":1,"column":273}},"5":{"start":{"line":1,"column":274},"end":{"line":1,"column":329}},"6":{"start":{"line":1,"column":329},"end":{"line":1,"column":360}},"7":{"start":{"line":1,"column":360},"end":{"line":1,"column":414}},"8":{"start":{"line":1,"column":387},"end":{"line":1,"column":414}},"9":{"start":{"line":1,"column":414},"end":{"line":1,"column":472}},"10":{"start":{"line":1,"column":474},"end":{"line":1,"column":679}},"11":{"start":{"line":1,"column":530},"end":{"line":1,"column":598}},"12":{"start":{"line":1,"column":546},"end":{"line":1,"column":598}},"13":{"start":{"line":1,"column":598},"end":{"line":1,"column":658}},"14":{"start":{"line":1,"column":615},"end":{"line":1,"column":658}},"15":{"start":{"line":1,"column":658},"end":{"line":1,"column":677}},"16":{"start":{"line":2,"column":459},"end":{"line":2,"column":558}},"17":{"start":{"line":2,"column":500},"end":{"line":2,"column":557}},"18":{"start":{"line":2,"column":608},"end":{"line":2,"column":707}},"19":{"start":{"line":2,"column":620},"end":{"line":2,"column":706}},"20":{"start":{"line":2,"column":707},"end":{"line":2,"column":793}},"21":{"start":{"line":2,"column":836},"end":{"line":2,"column":999}},"22":{"start":{"line":2,"column":898},"end":{"line":2,"column":998}},"23":{"start":{"line":2,"column":999},"end":{"line":2,"column":1163}},"24":{"start":{"line":2,"column":1163},"end":{"line":2,"column":1281}},"25":{"start":{"line":2,"column":1179},"end":{"line":2,"column":1281}},"26":{"start":{"line":4,"column":0},"end":{"line":6,"column":23}},"27":{"start":{"line":18,"column":39},"end":{"line":18,"column":184}},"28":{"start":{"line":18,"column":52},"end":{"line":18,"column":110}},"29":{"start":{"line":18,"column":102},"end":{"line":18,"column":109}},"30":{"start":{"line":18,"column":110},"end":{"line":18,"column":181}}},"fnMap":{"0":{"name":"(anonymous_0)","decl":{"start":{"line":1,"column":153},"end":{"line":1,"column":154}},"loc":{"start":{"line":1,"column":165},"end":{"line":1,"column":680}}},"1":{"name":"defineProperties","decl":{"start":{"line":1,"column":175},"end":{"line":1,"column":191}},"loc":{"start":{"line":1,"column":207},"end":{"line":1,"column":474}}},"2":{"name":"(anonymous_2)","decl":{"start":{"line":1,"column":481},"end":{"line":1,"column":482}},"loc":{"start":{"line":1,"column":529},"end":{"line":1,"column":678}}},"3":{"name":"_classCallCheck","decl":{"start":{"line":2,"column":419},"end":{"line":2,"column":434}},"loc":{"start":{"line":2,"column":458},"end":{"line":2,"column":559}}},"4":{"name":"_possibleConstructorReturn","decl":{"start":{"line":2,"column":568},"end":{"line":2,"column":594}},"loc":{"start":{"line":2,"column":607},"end":{"line":2,"column":794}}},"5":{"name":"_inherits","decl":{"start":{"line":2,"column":803},"end":{"line":2,"column":812}},"loc":{"start":{"line":2,"column":835},"end":{"line":2,"column":1282}}},"6":{"name":"(anonymous_6)","decl":{"start":{"line":18,"column":39},"end":{"line":18,"column":40}},"loc":{"start":{"line":18,"column":51},"end":{"line":18,"column":182}}}},"branchMap":{"0":{"loc":{"start":{"line":1,"column":298},"end":{"line":1,"column":328}},"type":"binary-expr","locations":[{"start":{"line":1,"column":298},"end":{"line":1,"column":319}},{"start":{"line":1,"column":323},"end":{"line":1,"column":328}}]},"1":{"loc":{"start":{"line":1,"column":360},"end":{"line":1,"column":414}},"type":"if","locations":[{"start":{"line":1,"column":360},"end":{"line":1,"column":414}},{"start":{"line":1,"column":360},"end":{"line":1,"column":414}}]},"2":{"loc":{"start":{"line":1,"column":530},"end":{"line":1,"column":598}},"type":"if","locations":[{"start":{"line":1,"column":530},"end":{"line":1,"column":598}},{"start":{"line":1,"column":530},"end":{"line":1,"column":598}}]},"3":{"loc":{"start":{"line":1,"column":598},"end":{"line":1,"column":658}},"type":"if","locations":[{"start":{"line":1,"column":598},"end":{"line":1,"column":658}},{"start":{"line":1,"column":598},"end":{"line":1,"column":658}}]},"4":{"loc":{"start":{"line":2,"column":459},"end":{"line":2,"column":558}},"type":"if","locations":[{"start":{"line":2,"column":459},"end":{"line":2,"column":558}},{"start":{"line":2,"column":459},"end":{"line":2,"column":558}}]},"5":{"loc":{"start":{"line":2,"column":608},"end":{"line":2,"column":707}},"type":"if","locations":[{"start":{"line":2,"column":608},"end":{"line":2,"column":707}},{"start":{"line":2,"column":608},"end":{"line":2,"column":707}}]},"6":{"loc":{"start":{"line":2,"column":714},"end":{"line":2,"column":792}},"type":"cond-expr","locations":[{"start":{"line":2,"column":781},"end":{"line":2,"column":785}},{"start":{"line":2,"column":788},"end":{"line":2,"column":792}}]},"7":{"loc":{"start":{"line":2,"column":714},"end":{"line":2,"column":778}},"type":"binary-expr","locations":[{"start":{"line":2,"column":714},"end":{"line":2,"column":718}},{"start":{"line":2,"column":723},"end":{"line":2,"column":747}},{"start":{"line":2,"column":751},"end":{"line":2,"column":777}}]},"8":{"loc":{"start":{"line":2,"column":836},"end":{"line":2,"column":999}},"type":"if","locations":[{"start":{"line":2,"column":836},"end":{"line":2,"column":999}},{"start":{"line":2,"column":836},"end":{"line":2,"column":999}}]},"9":{"loc":{"start":{"line":2,"column":840},"end":{"line":2,"column":895}},"type":"binary-expr","locations":[{"start":{"line":2,"column":840},"end":{"line":2,"column":872}},{"start":{"line":2,"column":876},"end":{"line":2,"column":895}}]},"10":{"loc":{"start":{"line":2,"column":1034},"end":{"line":2,"column":1068}},"type":"binary-expr","locations":[{"start":{"line":2,"column":1034},"end":{"line":2,"column":1044}},{"start":{"line":2,"column":1048},"end":{"line":2,"column":1068}}]},"11":{"loc":{"start":{"line":2,"column":1163},"end":{"line":2,"column":1281}},"type":"if","locations":[{"start":{"line":2,"column":1163},"end":{"line":2,"column":1281}},{"start":{"line":2,"column":1163},"end":{"line":2,"column":1281}}]},"12":{"loc":{"start":{"line":2,"column":1179},"end":{"line":2,"column":1280}},"type":"cond-expr","locations":[{"start":{"line":2,"column":1203},"end":{"line":2,"column":1246}},{"start":{"line":2,"column":1249},"end":{"line":2,"column":1280}}]},"13":{"loc":{"start":{"line":18,"column":52},"end":{"line":18,"column":110}},"type":"if","locations":[{"start":{"line":18,"column":52},"end":{"line":18,"column":110}},{"start":{"line":18,"column":52},"end":{"line":18,"column":110}}]}},"s":{"0":1,"1":1,"2":1,"3":1,"4":1,"5":1,"6":1,"7":1,"8":1,"9":1,"10":1,"11":1,"12":1,"13":1,"14":0,"15":1,"16":1,"17":0,"18":1,"19":0,"20":1,"21":1,"22":0,"23":1,"24":1,"25":1,"26":1,"27":1,"28":1,"29":1,"30":0},"f":{"0":1,"1":1,"2":1,"3":1,"4":1,"5":1,"6":1},"b":{"0":[1,1],"1":[1,0],"2":[1,0],"3":[0,1],"4":[0,1],"5":[0,1],"6":[0,1],"7":[1,0,0],"8":[0,1],"9":[1,0],"10":[1,1],"11":[1,0],"12":[1,0],"13":[1,0]},"_coverageSchema":"332fd63041d2c1bcb487cc26dd0d5f7d97098a6c","hash":"3aa01cc3929dcbcccd0cf3033cae7127db329f1b"}
}
