TN:
SF:C:\cap3\react-ts-sample\src\__tests__\components\MarkdownText.test.tsx
FN:3,_interopRequireWildcard
FN:4,(anonymous_1)
FN:6,onChange
FN:13,(anonymous_3)
FNF:4
FNH:3
FNDA:1,_interopRequireWildcard
FNDA:1,(anonymous_1)
FNDA:0,onChange
FNDA:1,(anonymous_3)
DA:3,13
DA:4,1
DA:5,1
DA:6,1
DA:8,1
DA:9,1
DA:10,1
DA:13,1
LF:8
LH:8
BRDA:3,0,0,0
BRDA:3,0,1,1
BRDA:3,1,0,1
BRDA:3,1,1,1
BRDA:3,2,0,1
BRDA:3,2,1,0
BRDA:3,3,0,13
BRDA:3,3,1,0
BRDA:13,4,0,1
BRDA:13,4,1,0
BRF:10
BRH:6
end_of_record
TN:
SF:C:\cap3\react-ts-sample\src\components\MarkdownText.tsx
FN:1,(anonymous_0)
FN:1,defineProperties
FN:1,(anonymous_2)
FN:2,_classCallCheck
FN:2,_possibleConstructorReturn
FN:2,_inherits
FN:18,(anonymous_6)
FNF:7
FNH:7
FNDA:1,(anonymous_0)
FNDA:1,defineProperties
FNDA:1,(anonymous_2)
FNDA:1,_classCallCheck
FNDA:1,_possibleConstructorReturn
FNDA:1,_inherits
FNDA:1,(anonymous_6)
DA:1,1
DA:2,1
DA:4,1
DA:18,1
LF:4
LH:4
BRDA:1,0,0,1
BRDA:1,0,1,1
BRDA:1,1,0,1
BRDA:1,1,1,0
BRDA:1,2,0,1
BRDA:1,2,1,0
BRDA:1,3,0,0
BRDA:1,3,1,1
BRDA:2,4,0,0
BRDA:2,4,1,1
BRDA:2,5,0,0
BRDA:2,5,1,1
BRDA:2,6,0,0
BRDA:2,6,1,1
BRDA:2,7,0,1
BRDA:2,7,1,0
BRDA:2,7,2,0
BRDA:2,8,0,0
BRDA:2,8,1,1
BRDA:2,9,0,1
BRDA:2,9,1,0
BRDA:2,10,0,1
BRDA:2,10,1,1
BRDA:2,11,0,1
BRDA:2,11,1,0
BRDA:2,12,0,1
BRDA:2,12,1,0
BRDA:18,13,0,1
BRDA:18,13,1,0
BRF:29
BRH:16
end_of_record
